2025-07-19 17:05:44,067 - ERROR - Initialization failed: No module named 'speech_recognition'
2025-07-19 17:11:34,382 - INFO - ✅ Voice recognition initialized
2025-07-19 17:11:34,950 - ERROR - Initialization failed: 'VoiceAssistant' object has no attribute 'on_command'
2025-07-19 18:29:40,569 - ERROR - Initialization failed: name 'VoiceAssistant' is not defined
2025-07-19 18:32:06,183 - ERROR - Initialization failed: 'PyQt5.QtCore.pyqtSignal' object has no attribute 'connect'
2025-07-19 18:39:03,414 - ERROR - COM initialization failed: (-2147417850, 'Cannot change thread mode after it is set.', None, None)
2025-07-19 18:39:03,415 - WARNING - COM initialization failed, some features may be limited
2025-07-19 18:39:05,488 - INFO - ✅ Voice recognition initialized
2025-07-19 18:39:05,493 - ERROR - Initialization failed: [WinError -2147417850] Cannot change thread mode after it is set
2025-07-19 18:39:47,410 - ERROR - COM initialization failed: (-2147417850, 'Cannot change thread mode after it is set.', None, None)
2025-07-19 18:39:47,410 - WARNING - COM initialization failed, some features may be limited
2025-07-19 18:39:48,960 - INFO - ✅ Voice recognition initialized
2025-07-19 18:39:48,964 - ERROR - Initialization failed: [WinError -2147417850] Cannot change thread mode after it is set
2025-07-19 18:40:40,760 - INFO - ✅ Voice recognition initialized
2025-07-19 18:40:40,768 - ERROR - Initialization failed: [WinError -2147417850] Cannot change thread mode after it is set
2025-07-19 18:43:00,350 - INFO - \u2705 Voice recognition initialized
2025-07-19 18:43:00,395 - INFO - Imported existing <module 'comtypes.gen' from 'C:\\RUDRA_AI\\venv\\Lib\\site-packages\\comtypes\\gen\\__init__.py'>
2025-07-19 18:43:00,396 - INFO - Using writeable comtypes cache directory: 'C:\RUDRA_AI\venv\Lib\site-packages\comtypes\gen'
2025-07-19 18:43:00,428 - INFO - Could not import comtypes.gen._C866CA3A_32F7_11D2_9602_00C04F8EE628_0_5_4: Wrong version
2025-07-19 18:43:00,428 - INFO - # Generating comtypes.gen._C866CA3A_32F7_11D2_9602_00C04F8EE628_0_5_4
2025-07-19 18:43:00,472 - INFO - Could not import comtypes.gen._00020430_0000_0000_C000_000000000046_0_2_0: Wrong version
2025-07-19 18:43:00,472 - INFO - # Generating comtypes.gen._00020430_0000_0000_C000_000000000046_0_2_0
2025-07-19 18:43:01,444 - INFO - \u2728 RUDRA started successfully
2025-07-19 19:03:33,535 - INFO - \u2705 Voice recognition initialized
2025-07-19 19:03:33,568 - INFO - Imported existing <module 'comtypes.gen' from 'C:\\RUDRA_AI\\venv\\Lib\\site-packages\\comtypes\\gen\\__init__.py'>
2025-07-19 19:03:33,569 - INFO - Using writeable comtypes cache directory: 'C:\RUDRA_AI\venv\Lib\site-packages\comtypes\gen'
2025-07-19 19:03:34,378 - INFO - \u2728 RUDRA started successfully
2025-07-19 19:23:13,762 - INFO - \u2705 Voice recognition initialized
2025-07-19 19:23:13,893 - INFO - Imported existing <module 'comtypes.gen' from 'C:\\RUDRA_AI\\venv\\Lib\\site-packages\\comtypes\\gen\\__init__.py'>
2025-07-19 19:23:13,893 - INFO - Using writeable comtypes cache directory: 'C:\RUDRA_AI\venv\Lib\site-packages\comtypes\gen'
2025-07-19 19:23:15,083 - INFO - \U0001f680 RUDRA started successfully
